<?xml version="1.0" encoding="UTF-8"?>
<!-- Generated by org.testng.reporters.JUnitReportReporter -->
<testsuite hostname="DESKTOP-QCQANH7" failures="0" tests="2" name="com.SDDEVOPS.NewTest" time="1.821" errors="0" timestamp="2021-09-28T18:05:27 SGT" skipped="0">
  <testcase classname="com.SDDEVOPS.NewTest" name="clickThread" time="0.218"/>
  <testcase classname="com.SDDEVOPS.NewTest" name="addThread" time="1.603"/>
</testsuite> <!-- com.SDDEVOPS.NewTest -->
